<?xml version="1.0" encoding="UTF-8"?>
<!-- Generated by org.testng.reporters.JUnitReportReporter -->
<testsuite hostname="Madala" name="jenkins.AddMethods" tests="1" failures="0" timestamp="11 Dec 2020 11:50:36 GMT" time="6.167" errors="0">
  <testcase name="Testopen" time="6.167" classname="jenkins.AddMethods"/>
</testsuite> <!-- jenkins.AddMethods -->
